# JRE version: OpenJDK Runtime Environment (11.0.10) (build 11.0.10+0-b96-7249189)
# Java VM: OpenJDK 64-Bit Server VM (11.0.10+0-b96-7249189, mixed mode, tiered, compressed oops, g1 gc, windows-amd64)
Heap:
 garbage-first heap   total 187392K, used 116865K [0x0000000080000000, 0x0000000100000000)
  region size 1024K, 32 young (32768K), 1 survivors (1024K)
 Metaspace       used 112725K, capacity 115675K, committed 116000K, reserved 1148928K
  class space    used 14500K, capacity 15620K, committed 15692K, reserved 1048576K
GC Heap History (20 events):
Event: 24.198 GC heap before
{Heap before GC invocations=20 (full 0):
 garbage-first heap   total 157696K, used 115693K [0x0000000080000000, 0x0000000100000000)
  region size 1024K, 62 young (63488K), 8 survivors (8192K)
 Metaspace       used 81514K, capacity 83481K, committed 83788K, reserved 1122304K
  class space    used 10501K, capacity 11225K, committed 11340K, reserved 1048576K
}
Event: 24.216 GC heap after
{Heap after GC invocations=21 (full 0):
 garbage-first heap   total 157696K, used 65536K [0x0000000080000000, 0x0000000100000000)
  region size 1024K, 4 young (4096K), 4 survivors (4096K)
 Metaspace       used 81514K, capacity 83481K, committed 83788K, reserved 1122304K
  class space    used 10501K, capacity 11225K, committed 11340K, reserved 1048576K
}
Event: 25.494 GC heap before
{Heap before GC invocations=21 (full 0):
 garbage-first heap   total 157696K, used 118784K [0x0000000080000000, 0x0000000100000000)
  region size 1024K, 57 young (58368K), 4 survivors (4096K)
 Metaspace       used 82414K, capacity 84503K, committed 84556K, reserved 1122304K
  class space    used 10583K, capacity 11327K, committed 11340K, reserved 1048576K
}
Event: 25.505 GC heap after
{Heap after GC invocations=22 (full 0):
 garbage-first heap   total 157696K, used 68608K [0x0000000080000000, 0x0000000100000000)
  region size 1024K, 7 young (7168K), 7 survivors (7168K)
 Metaspace       used 82414K, capacity 84503K, committed 84556K, reserved 1122304K
  class space    used 10583K, capacity 11327K, committed 11340K, reserved 1048576K
}
Event: 26.863 GC heap before
{Heap before GC invocations=22 (full 0):
 garbage-first heap   total 157696K, used 121856K [0x0000000080000000, 0x0000000100000000)
  region size 1024K, 60 young (61440K), 7 survivors (7168K)
 Metaspace       used 85223K, capacity 87301K, committed 87500K, reserved 1124352K
  class space    used 10826K, capacity 11585K, committed 11724K, reserved 1048576K
}
Event: 26.877 GC heap after
{Heap after GC invocations=23 (full 0):
 garbage-first heap   total 157696K, used 71014K [0x0000000080000000, 0x0000000100000000)
  region size 1024K, 6 young (6144K), 6 survivors (6144K)
 Metaspace       used 85223K, capacity 87301K, committed 87500K, reserved 1124352K
  class space    used 10826K, capacity 11585K, committed 11724K, reserved 1048576K
}
Event: 221.094 GC heap before
{Heap before GC invocations=23 (full 0):
 garbage-first heap   total 157696K, used 125286K [0x0000000080000000, 0x0000000100000000)
  region size 1024K, 59 young (60416K), 6 survivors (6144K)
 Metaspace       used 87494K, capacity 89687K, committed 89932K, reserved 1128448K
  class space    used 10985K, capacity 11789K, committed 11852K, reserved 1048576K
}
Event: 221.146 GC heap after
{Heap after GC invocations=24 (full 0):
 garbage-first heap   total 157696K, used 76212K [0x0000000080000000, 0x0000000100000000)
  region size 1024K, 8 young (8192K), 8 survivors (8192K)
 Metaspace       used 87494K, capacity 89687K, committed 89932K, reserved 1128448K
  class space    used 10985K, capacity 11789K, committed 11852K, reserved 1048576K
}
Event: 224.213 GC heap before
{Heap before GC invocations=24 (full 0):
 garbage-first heap   total 157696K, used 127412K [0x0000000080000000, 0x0000000100000000)
  region size 1024K, 57 young (58368K), 8 survivors (8192K)
 Metaspace       used 94375K, capacity 96737K, committed 96972K, reserved 1134592K
  class space    used 11846K, capacity 12689K, committed 12748K, reserved 1048576K
}
Event: 224.244 GC heap after
{Heap after GC invocations=25 (full 0):
 garbage-first heap   total 157696K, used 85665K [0x0000000080000000, 0x0000000100000000)
  region size 1024K, 8 young (8192K), 8 survivors (8192K)
 Metaspace       used 94375K, capacity 96737K, committed 96972K, reserved 1134592K
  class space    used 11846K, capacity 12689K, committed 12748K, reserved 1048576K
}
Event: 226.399 GC heap before
{Heap before GC invocations=25 (full 0):
 garbage-first heap   total 157696K, used 124577K [0x0000000080000000, 0x0000000100000000)
  region size 1024K, 47 young (48128K), 8 survivors (8192K)
 Metaspace       used 98144K, capacity 100571K, committed 100812K, reserved 1136640K
  class space    used 12330K, capacity 13224K, committed 13260K, reserved 1048576K
}
Event: 226.420 GC heap after
{Heap after GC invocations=26 (full 0):
 garbage-first heap   total 157696K, used 83850K [0x0000000080000000, 0x0000000100000000)
  region size 1024K, 2 young (2048K), 2 survivors (2048K)
 Metaspace       used 98144K, capacity 100571K, committed 100812K, reserved 1136640K
  class space    used 12330K, capacity 13224K, committed 13260K, reserved 1048576K
}
Event: 228.993 GC heap before
{Heap before GC invocations=27 (full 0):
 garbage-first heap   total 157696K, used 127882K [0x0000000080000000, 0x0000000100000000)
  region size 1024K, 46 young (47104K), 2 survivors (2048K)
 Metaspace       used 107723K, capacity 110527K, committed 110752K, reserved 1144832K
  class space    used 13882K, capacity 14930K, committed 15052K, reserved 1048576K
}
Event: 229.003 GC heap after
{Heap after GC invocations=28 (full 0):
 garbage-first heap   total 157696K, used 85298K [0x0000000080000000, 0x0000000100000000)
  region size 1024K, 4 young (4096K), 4 survivors (4096K)
 Metaspace       used 107723K, capacity 110527K, committed 110752K, reserved 1144832K
  class space    used 13882K, capacity 14930K, committed 15052K, reserved 1048576K
}
Event: 230.120 GC heap before
{Heap before GC invocations=28 (full 0):
 garbage-first heap   total 157696K, used 128306K [0x0000000080000000, 0x0000000100000000)
  region size 1024K, 47 young (48128K), 4 survivors (4096K)
 Metaspace       used 110672K, capacity 113486K, committed 113696K, reserved 1146880K
  class space    used 14250K, capacity 15327K, committed 15436K, reserved 1048576K
}
Event: 230.135 GC heap after
{Heap after GC invocations=29 (full 0):
 garbage-first heap   total 157696K, used 87412K [0x0000000080000000, 0x0000000100000000)
  region size 1024K, 5 young (5120K), 5 survivors (5120K)
 Metaspace       used 110672K, capacity 113486K, committed 113696K, reserved 1146880K
  class space    used 14250K, capacity 15327K, committed 15436K, reserved 1048576K
}
Event: 231.415 GC heap before
{Heap before GC invocations=30 (full 0):
 garbage-first heap   total 181248K, used 178548K [0x0000000080000000, 0x0000000100000000)
  region size 1024K, 30 young (30720K), 5 survivors (5120K)
 Metaspace       used 112217K, capacity 115154K, committed 115488K, reserved 1148928K
  class space    used 14464K, capacity 15567K, committed 15692K, reserved 1048576K
}
Event: 231.431 GC heap after
{Heap after GC invocations=31 (full 0):
 garbage-first heap   total 187392K, used 86432K [0x0000000080000000, 0x0000000100000000)
  region size 1024K, 4 young (4096K), 4 survivors (4096K)
 Metaspace       used 112217K, capacity 115154K, committed 115488K, reserved 1148928K
  class space    used 14464K, capacity 15567K, committed 15692K, reserved 1048576K
}
Event: 335.242 GC heap before
{Heap before GC invocations=31 (full 0):
 garbage-first heap   total 187392K, used 91552K [0x0000000080000000, 0x0000000100000000)
  region size 1024K, 9 young (9216K), 4 survivors (4096K)
 Metaspace       used 112417K, capacity 115337K, committed 115488K, reserved 1148928K
  class space    used 14493K, capacity 15607K, committed 15692K, reserved 1048576K
}
Event: 335.321 GC heap after
{Heap after GC invocations=32 (full 0):
 garbage-first heap   total 187392K, used 86145K [0x0000000080000000, 0x0000000100000000)
  region size 1024K, 1 young (1024K), 1 survivors (1024K)
 Metaspace       used 112417K, capacity 115337K, committed 115488K, reserved 1148928K
  class space    used 14493K, capacity 15607K, committed 15692K, reserved 1048576K
}

